# 地下城传说 - 游戏行动模拟日志
日期: 2026-02-26
模拟模式: 单机战斗模拟

======================================
【1. 初始化游戏数据】
======================================

[系统] 正在加载游戏数据...
[成功] 游戏数据加载成功

初始英雄状态:
- 名称: 勇者
- 等级: Lv.1
- 生命值: 100/100 HP
- 魔法值: 100/100 MP
- 攻击力: 15
- 防御力: 5
- 速度: 10
- 暴击率: 0%
- 闪避率: 0%
- 金币: 100

背包物品:
- 小型生命药水 x2
- 小型魔法药水 x2
- 新手大刀 x1
- 新手胸甲 x1
- 新手盾牌 x1

======================================
【2. 进入地下城】
======================================

[系统] 选择地下城: 骷髅洞穴 (1-10级)
[系统] 当前层数: 第1层
[遭遇] 你遭遇了 骷髅兵!

敌方状态:
- 名称: 骷髅兵
- 等级: Lv.1
- 生命值: 80/80 HP
- 攻击力: 7
- 防御力: 1
- 速度: 10
- 技能: 骨爪

======================================
【3. 战斗开始】
======================================

[回合 1] 双方速度相同，随机决定先手...
[先手] 勇者先攻!

--- 勇者回合 ---
[行动] 使用技能: 强力一击
[消耗] MP: 10/100 -> 90/100
[伤害计算] 基础攻击15 * 技能倍率1.5 = 22.5
[防御减免] 22.5 - 1 = 21.5
[波动] ±10% 随机波动 -> 最终伤害 23
[暴击判定] 0% 概率... 未触发暴击
[命中] 骷髅兵受到 23 点物理伤害!
[骷髅兵] HP: 80/80 -> 57/80

--- 骷髅兵回合 ---
[行动] 使用技能: 骨爪
[伤害计算] 基础攻击7 * 技能倍率1.0 = 7
[防御减免] 7 - 5 = 2
[波动] ±10% 随机波动 -> 最终伤害 2
[闪避判定] 0% 概率... 未触发闪避
[命中] 勇者受到 2 点物理伤害!
[勇者] HP: 100/100 -> 98/100

[回合 2]

--- 勇者回合 ---
[行动] 使用技能: 强力一击 (冷却中: 还剩2回合)
[提示] 技能冷却中，无法使用!
[切换] 使用技能: 普通攻击
[消耗] MP: 0
[伤害计算] 基础攻击15 * 技能倍率1.0 = 15
[防御减免] 15 - 1 = 14
[波动] ±10% 随机波动 -> 最终伤害 15
[命中] 骷髅兵受到 15 点物理伤害!
[骷髅兵] HP: 57/80 -> 42/80

--- 骷髅兵回合 ---
[行动] 使用技能: 骨爪
[伤害计算] 7 - 5 = 2
[命中] 勇者受到 2 点物理伤害!
[勇者] HP: 98/100 -> 96/100

[回合 3]

--- 勇者回合 ---
[行动] 使用技能: 普通攻击
[伤害计算] 15 - 1 = 14
[波动] 最终伤害 13
[命中] 骷髅兵受到 13 点物理伤害!
[骷髅兵] HP: 42/80 -> 29/80

--- 骷髅兵回合 ---
[行动] 使用技能: 骨爪
[伤害计算] 7 - 5 = 2
[命中] 勇者受到 2 点物理伤害!
[勇者] HP: 96/100 -> 94/100

[回合 4]

--- 勇者回合 ---
[行动] 使用技能: 强力一击 (冷却完成)
[消耗] MP: 90/100 -> 80/100
[伤害计算] 15 * 1.5 = 22.5 - 1 = 21.5
[波动] 最终伤害 22
[命中] 骷髅兵受到 22 点物理伤害!
[骷髅兵] HP: 29/80 -> 7/80

--- 骷髅兵回合 ---
[行动] 使用技能: 骨爪
[伤害计算] 7 - 5 = 2
[命中] 勇者受到 2 点物理伤害!
[勇者] HP: 94/100 -> 92/100

[回合 5]

--- 勇者回合 ---
[行动] 使用技能: 普通攻击
[伤害计算] 15 - 1 = 14
[波动] 最终伤害 15
[命中] 骷髅兵受到 15 点物理伤害!
[骷髅兵] HP: 7/80 -> 0/80
[结果] 骷髅兵被击败了!

======================================
【4. 战斗结束 - 胜利】
======================================

[胜利] 战斗胜利!
[经验] 获得 25 经验值 (怪物基础10 + 等级15)
[金币] 获得 13 金币 (怪物基础5 + 等级8)
[掉落判定] 物品掉落率 15%...
[掉落] 运气不佳，没有获得物品

英雄状态更新:
- 当前HP: 92/100
- 当前MP: 80/100
- 经验值: 25/100
- 金币: 113

======================================
【5. 继续探索】
======================================

[系统] 进入第2层...
[遭遇] 你遭遇了 骷髅弓箭手!

敌方状态:
- 名称: 骷髅弓箭手
- 等级: Lv.3
- 生命值: 140/140 HP
- 攻击力: 11
- 防御力: 2
- 速度: 10

[回合 1] 随机先手...
[先手] 骷髅弓箭手先攻!

--- 骷髅弓箭手回合 ---
[行动] 使用技能: 骨爪
[伤害计算] 11 - 5 = 6
[波动] 最终伤害 6
[命中] 勇者受到 6 点物理伤害!
[勇者] HP: 92/100 -> 86/100

--- 勇者回合 ---
[行动] 使用技能: 强力一击
[消耗] MP: 80/100 -> 70/100
[伤害计算] 15 * 1.5 = 22.5 - 2 = 20.5
[波动] 最终伤害 21
[暴击判定] ... 未触发暴击
[命中] 骷髅弓箭手受到 21 点物理伤害!
[骷髅弓箭手] HP: 140/140 -> 119/140

... (战斗持续)

[回合 8] 经过激烈战斗...
[结果] 勇者击败了骷髅弓箭手!
[经验] 获得 55 经验值
[金币] 获得 29 金币
[掉落判定] 15% 概率...
[掉落] 获得 小型生命药水 x1!

[升级判定] 当前经验: 80/100

======================================
【6. 休息恢复】
======================================

[系统] 使用物品: 小型生命药水
[恢复] HP: 86/100 -> 100/100 (完全恢复)
[消耗] 小型生命药水 x1 -> x1

======================================
【7. 保存游戏】
======================================

[系统] 正在保存游戏数据...
[成功] 游戏数据已保存到本地存储

最终状态:
- 英雄等级: Lv.1 (80/100 EXP)
- 生命值: 100/100 HP
- 魔法值: 70/100 MP
- 金币: 142
- 背包: 小型生命药水 x2, 小型魔法药水 x2, 新手大刀 x1, 新手胸甲 x1, 新手盾牌 x1, 小型生命药水 x1(新)

======================================
【模拟完成】
======================================

模拟结果摘要:
✅ 完成战斗: 2场
✅ 胜利: 2场
✅ 获得经验: 80 EXP
✅ 获得金币: 42 Gold
✅ 获得物品: 小型生命药水 x1
❌ 升级: 未达到 (还需20 EXP)

下次模拟建议:
- 再击败1-2个怪物即可升级
- 建议装备新手大刀提升攻击力
- 可以挑战更深层的地下城

======================================
日志生成时间: 2026-02-26
模拟器版本: v1.0.0
======================================
